[debug] [2024-11-20T00:52:48.592Z] ----------------------------------------------------------------------
[debug] [2024-11-20T00:52:48.594Z] Command:       C:\Program Files\nodejs\node.exe C:\Users\Emanuel\AppData\Roaming\npm\node_modules\firebase-tools\lib\bin\firebase.js init
[debug] [2024-11-20T00:52:48.594Z] CLI Version:   13.26.0
[debug] [2024-11-20T00:52:48.594Z] Platform:      win32
[debug] [2024-11-20T00:52:48.594Z] Node Version:  v20.16.0
[debug] [2024-11-20T00:52:48.595Z] Time:          Tue Nov 19 2024 20:52:48 GMT-0400 (hora de Bolivia)
[debug] [2024-11-20T00:52:48.595Z] ----------------------------------------------------------------------
[debug] 
[debug] [2024-11-20T00:52:48.600Z] > command requires scopes: ["email","openid","https://www.googleapis.com/auth/cloudplatformprojects.readonly","https://www.googleapis.com/auth/firebase","https://www.googleapis.com/auth/cloud-platform"]
[debug] [2024-11-20T00:52:48.600Z] > authorizing via signed-in user (emanuelca.eca2@gmail.com)
[info] 
     ######## #### ########  ######## ########     ###     ######  ########
     ##        ##  ##     ## ##       ##     ##  ##   ##  ##       ##
     ######    ##  ########  ######   ########  #########  ######  ######
     ##        ##  ##    ##  ##       ##     ## ##     ##       ## ##
     ##       #### ##     ## ######## ########  ##     ##  ######  ########

You're about to initialize a Firebase project in this directory:

  C:\Users\Emanuel\Desktop\kiosko

[info] 
=== Project Setup
[info] 
[info] First, let's associate this project directory with a Firebase project.
[info] You can create multiple project aliases by running firebase use --add, 
[info] but for now we'll just set up a default project.
[info] 
[debug] [2024-11-20T00:54:06.982Z] Checked if tokens are valid: true, expires at: 1732067479308
[debug] [2024-11-20T00:54:06.982Z] Checked if tokens are valid: true, expires at: 1732067479308
[debug] [2024-11-20T00:54:06.985Z] >>> [apiv2][query] GET https://firebase.googleapis.com/v1beta1/projects pageSize=100
[debug] [2024-11-20T00:54:07.698Z] <<< [apiv2][status] GET https://firebase.googleapis.com/v1beta1/projects 200
[debug] [2024-11-20T00:54:07.698Z] <<< [apiv2][body] GET https://firebase.googleapis.com/v1beta1/projects [omitted]
[info] i  Using project kiosko-42d08 (kiosko) 
[info] 
=== Hosting Setup
[debug] [2024-11-20T00:54:11.092Z] Checked if tokens are valid: true, expires at: 1732067479308
[debug] [2024-11-20T00:54:11.093Z] Checked if tokens are valid: true, expires at: 1732067479308
[debug] [2024-11-20T00:54:11.093Z] >>> [apiv2][query] GET https://firebase.googleapis.com/v1beta1/projects/kiosko-42d08 [none]
[debug] [2024-11-20T00:54:11.425Z] <<< [apiv2][status] GET https://firebase.googleapis.com/v1beta1/projects/kiosko-42d08 200
[debug] [2024-11-20T00:54:11.426Z] <<< [apiv2][body] GET https://firebase.googleapis.com/v1beta1/projects/kiosko-42d08 {"projectId":"kiosko-42d08","projectNumber":"510649700332","displayName":"kiosko","name":"projects/kiosko-42d08","resources":{"hostingSite":"kiosko-42d08"},"state":"ACTIVE","etag":"1_3ee6002f-30bc-41f5-b1d9-96125ddfbd48"}
[info] 
[info] Your public directory is the folder (relative to your project directory) that
[info] will contain Hosting assets to be uploaded with firebase deploy. If you
[info] have a build process for your assets, use your build's output directory.
[info] 
[debug] [2024-11-20T00:55:06.372Z] ----------------------------------------------------------------------
[debug] [2024-11-20T00:55:06.374Z] Command:       C:\Program Files\nodejs\node.exe C:\Users\Emanuel\AppData\Roaming\npm\node_modules\firebase-tools\lib\bin\firebase.js init
[debug] [2024-11-20T00:55:06.374Z] CLI Version:   13.26.0
[debug] [2024-11-20T00:55:06.374Z] Platform:      win32
[debug] [2024-11-20T00:55:06.374Z] Node Version:  v20.16.0
[debug] [2024-11-20T00:55:06.374Z] Time:          Tue Nov 19 2024 20:55:06 GMT-0400 (hora de Bolivia)
[debug] [2024-11-20T00:55:06.375Z] ----------------------------------------------------------------------
[debug] 
[debug] [2024-11-20T00:55:06.380Z] > command requires scopes: ["email","openid","https://www.googleapis.com/auth/cloudplatformprojects.readonly","https://www.googleapis.com/auth/firebase","https://www.googleapis.com/auth/cloud-platform"]
[debug] [2024-11-20T00:55:06.380Z] > authorizing via signed-in user (emanuelca.eca2@gmail.com)
[info] 
     ######## #### ########  ######## ########     ###     ######  ########
     ##        ##  ##     ## ##       ##     ##  ##   ##  ##       ##
     ######    ##  ########  ######   ########  #########  ######  ######
     ##        ##  ##    ##  ##       ##     ## ##     ##       ## ##
     ##       #### ##     ## ######## ########  ##     ##  ######  ########

You're about to initialize a Firebase project in this directory:

  C:\Users\Emanuel\Desktop\kiosko

[info] 
=== Project Setup
[info] 
[info] First, let's associate this project directory with a Firebase project.
[info] You can create multiple project aliases by running firebase use --add, 
[info] but for now we'll just set up a default project.
[info] 
[debug] [2024-11-20T00:55:12.917Z] Checked if tokens are valid: true, expires at: 1732067479308
[debug] [2024-11-20T00:55:12.918Z] Checked if tokens are valid: true, expires at: 1732067479308
[debug] [2024-11-20T00:55:12.920Z] >>> [apiv2][query] GET https://firebase.googleapis.com/v1beta1/projects pageSize=100
[debug] [2024-11-20T00:55:13.633Z] <<< [apiv2][status] GET https://firebase.googleapis.com/v1beta1/projects 200
[debug] [2024-11-20T00:55:13.633Z] <<< [apiv2][body] GET https://firebase.googleapis.com/v1beta1/projects [omitted]
[info] i  Using project kiosko-42d08 (kiosko) 
[info] 
=== Hosting Setup
[debug] [2024-11-20T00:55:14.262Z] Checked if tokens are valid: true, expires at: 1732067479308
[debug] [2024-11-20T00:55:14.262Z] Checked if tokens are valid: true, expires at: 1732067479308
[debug] [2024-11-20T00:55:14.262Z] >>> [apiv2][query] GET https://firebase.googleapis.com/v1beta1/projects/kiosko-42d08 [none]
[debug] [2024-11-20T00:55:14.598Z] <<< [apiv2][status] GET https://firebase.googleapis.com/v1beta1/projects/kiosko-42d08 200
[debug] [2024-11-20T00:55:14.598Z] <<< [apiv2][body] GET https://firebase.googleapis.com/v1beta1/projects/kiosko-42d08 {"projectId":"kiosko-42d08","projectNumber":"510649700332","displayName":"kiosko","name":"projects/kiosko-42d08","resources":{"hostingSite":"kiosko-42d08"},"state":"ACTIVE","etag":"1_3ee6002f-30bc-41f5-b1d9-96125ddfbd48"}
[info] 
[info] Your public directory is the folder (relative to your project directory) that
[info] will contain Hosting assets to be uploaded with firebase deploy. If you
[info] have a build process for your assets, use your build's output directory.
[info] 
[debug] [2024-11-20T00:55:32.619Z] >>> [apiv2][query] GET https://www.gstatic.com/firebasejs/releases.json [none]
[debug] [2024-11-20T00:55:32.850Z] <<< [apiv2][status] GET https://www.gstatic.com/firebasejs/releases.json 200
[debug] [2024-11-20T00:55:32.851Z] <<< [apiv2][body] GET https://www.gstatic.com/firebasejs/releases.json {"current":{"version":"11.0.2","browserURL":"https://www.gstatic.com/firebasejs/11.0.2/firebase.js","packageURL":"https://www.gstatic.com/firebasejs/11.0.2/firebase.tgz"},"live":{"version":"11.0","browserURL":"https://www.gstatic.com/firebasejs/live/11.0/firebase.js","packageURL":"https://www.gstatic.com/firebasejs/live/11.0/firebase.tgz"},"components":{"analytics":"https://www.gstatic.com/firebasejs/11.0.2/firebase-analytics.js","app":"https://www.gstatic.com/firebasejs/11.0.2/firebase-app.js","app-check":"https://www.gstatic.com/firebasejs/11.0.2/firebase-app-check.js","auth":"https://www.gstatic.com/firebasejs/11.0.2/firebase-auth.js","auth/cordova":"https://www.gstatic.com/firebasejs/11.0.2/firebase-auth/cordova.js","auth/web-extension":"https://www.gstatic.com/firebasejs/11.0.2/firebase-auth/web-extension.js","functions":"https://www.gstatic.com/firebasejs/11.0.2/firebase-functions.js","firestore":"https://www.gstatic.com/firebasejs/11.0.2/firebase-firestore.js","firestore/lite":"https://www.gstatic.com/firebasejs/11.0.2/firebase-firestore/lite.js","installations":"https://www.gstatic.com/firebasejs/11.0.2/firebase-installations.js","storage":"https://www.gstatic.com/firebasejs/11.0.2/firebase-storage.js","performance":"https://www.gstatic.com/firebasejs/11.0.2/firebase-performance.js","remote-config":"https://www.gstatic.com/firebasejs/11.0.2/firebase-remote-config.js","messaging":"https://www.gstatic.com/firebasejs/11.0.2/firebase-messaging.js","messaging/sw":"https://www.gstatic.com/firebasejs/11.0.2/firebase-messaging/sw.js","database":"https://www.gstatic.com/firebasejs/11.0.2/firebase-database.js","vertexai":"https://www.gstatic.com/firebasejs/11.0.2/firebase-vertexai.js","data-connect":"https://www.gstatic.com/firebasejs/11.0.2/firebase-data-connect.js","firestore.memory":"https://www.gstatic.com/firebasejs/11.0.2/firebase-firestore.memory.js"}}
[info] +  Wrote build/index.html 
[info] 
[info] i  Detected a .git folder at C:\Users\Emanuel\Desktop\kiosko 
[info] i  Authorizing with GitHub to upload your service account to a GitHub repository's secrets store. 
[info] 
[info] Visit this URL on this device to log in:
[info] https://github.com/login/oauth/authorize?client_id=89cf50f02ac6aaed3484&state=758641126&redirect_uri=http%3A%2F%2Flocalhost%3A9005&scope=read%3Auser%20repo%20public_repo
[info] 
[info] Waiting for authentication...
[debug] [2024-11-20T00:55:40.192Z] >>> [apiv2][query] POST https://github.com/login/oauth/access_token [none]
[debug] [2024-11-20T00:55:40.193Z] >>> [apiv2][body] POST https://github.com/login/oauth/access_token [stream]
[debug] [2024-11-20T00:55:40.744Z] <<< [apiv2][status] POST https://github.com/login/oauth/access_token 200
[debug] [2024-11-20T00:55:40.745Z] <<< [apiv2][body] POST https://github.com/login/oauth/access_token {"access_token":"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","token_type":"bearer","scope":"read:user,repo"}
[debug] [2024-11-20T00:55:40.751Z] >>> [apiv2][query] GET https://api.github.com/user [none]
[debug] [2024-11-20T00:55:41.259Z] <<< [apiv2][status] GET https://api.github.com/user 200
[debug] [2024-11-20T00:55:41.260Z] <<< [apiv2][body] GET https://api.github.com/user {"login":"emaxD2","id":118122621,"node_id":"U_kgDOBwpofQ","avatar_url":"https://avatars.githubusercontent.com/u/118122621?v=4","gravatar_id":"","url":"https://api.github.com/users/emaxD2","html_url":"https://github.com/emaxD2","followers_url":"https://api.github.com/users/emaxD2/followers","following_url":"https://api.github.com/users/emaxD2/following{/other_user}","gists_url":"https://api.github.com/users/emaxD2/gists{/gist_id}","starred_url":"https://api.github.com/users/emaxD2/starred{/owner}{/repo}","subscriptions_url":"https://api.github.com/users/emaxD2/subscriptions","organizations_url":"https://api.github.com/users/emaxD2/orgs","repos_url":"https://api.github.com/users/emaxD2/repos","events_url":"https://api.github.com/users/emaxD2/events{/privacy}","received_events_url":"https://api.github.com/users/emaxD2/received_events","type":"User","user_view_type":"private","site_admin":false,"name":"Ema","company":null,"blog":"","location":null,"email":null,"hireable":null,"bio":null,"twitter_username":null,"notification_email":null,"public_repos":1,"public_gists":0,"followers":0,"following":0,"created_at":"2022-11-13T16:00:56Z","updated_at":"2024-11-20T00:55:32Z","private_gists":0,"total_private_repos":4,"owned_private_repos":4,"disk_usage":29431,"collaborators":2,"two_factor_authentication":false,"plan":{"name":"free","space":976562499,"collaborators":0,"private_repos":10000}}
[info] 
[info] +  Success! Logged into GitHub as emaxD2 
[info] 
[debug] [2024-11-20T00:57:10.143Z] >>> [apiv2][query] GET https://api.github.com/repos//actions/secrets/public-key type=owner
[debug] [2024-11-20T00:57:10.573Z] <<< [apiv2][status] GET https://api.github.com/repos//actions/secrets/public-key 404
[debug] [2024-11-20T00:57:10.573Z] <<< [apiv2][body] GET https://api.github.com/repos//actions/secrets/public-key {"message":"Not Found","documentation_url":"https://docs.github.com/rest","status":"404"}
[info] 
[info] 
[error] !  The provided authorization cannot be used with this repository. If this repository is in an organization, did you remember to grant access? 
[info] 
[info] i  Action required: Visit this URL to ensure access has been granted to the appropriate organization(s) for the Firebase CLI GitHub OAuth App: 
[info] https://github.com/settings/connections/applications/89cf50f02ac6aaed3484
[info] 
[debug] [2024-11-20T00:57:15.448Z] >>> [apiv2][query] GET https://api.github.com/repos//actions/secrets/public-key type=owner
[debug] [2024-11-20T00:57:15.608Z] <<< [apiv2][status] GET https://api.github.com/repos//actions/secrets/public-key 404
[debug] [2024-11-20T00:57:15.608Z] <<< [apiv2][body] GET https://api.github.com/repos//actions/secrets/public-key {"message":"Not Found","documentation_url":"https://docs.github.com/rest","status":"404"}
[info] 
[info] 
[error] !  The provided authorization cannot be used with this repository. If this repository is in an organization, did you remember to grant access? 
[info] 
[info] i  Action required: Visit this URL to ensure access has been granted to the appropriate organization(s) for the Firebase CLI GitHub OAuth App: 
[info] https://github.com/settings/connections/applications/89cf50f02ac6aaed3484
[info] 
